<?xml version="1.0" encoding="UTF-8"?>
<testng-results ignored="0" total="1" passed="1" failed="0" skipped="0">
  <reporter-output>
  </reporter-output>
  <suite started-at="2021-02-20T21:36:32Z" name="Surefire suite" finished-at="2021-02-20T21:36:32Z" duration-ms="98">
    <groups>
    </groups>
    <test started-at="2021-02-20T21:36:32Z" name="Surefire test" finished-at="2021-02-20T21:36:32Z" duration-ms="98">
      <class name="com.e_Bank.AppTest">
        <test-method signature="shouldAnswerWithTrue()" started-at="2021-02-20T21:36:32Z" name="shouldAnswerWithTrue" finished-at="2021-02-20T21:36:32Z" duration-ms="11" status="PASS">
          <reporter-output>
          </reporter-output>
        </test-method> <!-- shouldAnswerWithTrue -->
      </class> <!-- com.e_Bank.AppTest -->
    </test> <!-- Surefire test -->
  </suite> <!-- Surefire suite -->
</testng-results>
