<?xml version="1.0" encoding="UTF-8"?>
<testng-results ignored="0" total="1" passed="1" failed="0" skipped="0">
  <reporter-output>
  </reporter-output>
  <suite started-at="2021-02-18T15:45:46Z" name="Suite" finished-at="2021-02-18T15:46:13Z" duration-ms="26890">
    <groups>
    </groups>
    <test started-at="2021-02-18T15:45:46Z" name="e-banking" finished-at="2021-02-18T15:46:13Z" duration-ms="26890">
      <class name="com.inetBanking.testCases.TC_AddNewCustomer_003">
        <test-method is-config="true" signature="setup(java.lang.String)[pri:0, instance:com.inetBanking.testCases.TC_AddNewCustomer_003@45d2ade3]" started-at="2021-02-18T15:45:46Z" name="setup" finished-at="2021-02-18T15:46:00Z" duration-ms="13429" status="PASS">
          <params>
            <param index="0">
              <value>
                <![CDATA[chrome]]>
              </value>
            </param>
          </params>
          <reporter-output>
          </reporter-output>
        </test-method> <!-- setup -->
        <test-method signature="AddNewCustomer()[pri:0, instance:com.inetBanking.testCases.TC_AddNewCustomer_003@45d2ade3]" started-at="2021-02-18T15:46:00Z" name="AddNewCustomer" finished-at="2021-02-18T15:46:13Z" duration-ms="12994" status="PASS">
          <reporter-output>
          </reporter-output>
        </test-method> <!-- AddNewCustomer -->
      </class> <!-- com.inetBanking.testCases.TC_AddNewCustomer_003 -->
    </test> <!-- e-banking -->
  </suite> <!-- Suite -->
</testng-results>
